<?xml version="1.0" encoding="UTF-8"?>
<!-- Generated by org.testng.reporters.JUnitReportReporter -->
<testsuite hostname="DESKTOP-1TEHGD1" failures="0" tests="1" name="com.ems.extra_concepts.Serialization" time="1.996" errors="0" timestamp="2023-03-22T12:39:31 IST" skipped="0">
  <testcase classname="com.ems.extra_concepts.Serialization" name="serialization" time="1.996"/>
  <system-out/>
</testsuite> <!-- com.ems.extra_concepts.Serialization -->
