<?xml version="1.0" encoding="UTF-8"?>
<!-- Generated by org.testng.reporters.JUnitReportReporter -->
<testsuite hostname="DESKTOP-1TEHGD1" failures="0" tests="1" name="com.org.bdd.GetEmployeeBDD" time="1.666" errors="0" timestamp="2023-03-22T12:05:37 IST" skipped="0">
  <testcase classname="com.org.bdd.GetEmployeeBDD" name="externalFileModel" time="1.666"/>
  <system-out/>
</testsuite> <!-- com.org.bdd.GetEmployeeBDD -->
