<?xml version="1.0" encoding="UTF-8"?>
<!-- Generated by org.testng.reporters.JUnitReportReporter -->
<testsuite hostname="DESKTOP-1TEHGD1" failures="0" tests="2" name="com.org.json_schema_validation.RestassuredSchemaValidation" time="2.026" errors="0" timestamp="2023-04-02T20:59:32 IST" skipped="1">
  <testcase classname="com.org.json_schema_validation.RestassuredSchemaValidation" name="validationJsonMatches" time="2.026"/>
  <system-out/>
  <testcase classname="com.org.json_schema_validation.RestassuredSchemaValidation" name="validationJsonInClassPath">
    <skipped/>
  </testcase> <!-- validationJsonInClassPath -->
  <system-out/>
</testsuite> <!-- com.org.json_schema_validation.RestassuredSchemaValidation -->
