<?xml version="1.0" encoding="UTF-8"?>
<!-- Generated by org.testng.reporters.JUnitReportReporter -->
<testsuite hostname="DESKTOP-1TEHGD1" failures="0" tests="1" name="com.org.lao.auth.BasicAuth" time="3.330" errors="0" timestamp="2023-03-30T10:59:59 IST" skipped="0">
  <testcase classname="com.org.lao.auth.BasicAuth" name="basicAuth" time="3.330"/>
  <system-out/>
</testsuite> <!-- com.org.lao.auth.BasicAuth -->
