<?xml version="1.0" encoding="UTF-8"?>
<!-- Generated by org.testng.reporters.JUnitReportReporter -->
<testsuite hostname="DESKTOP-1TEHGD1" failures="0" tests="1" name="com.org.lao.auth.Oauth2" time="2.191" errors="0" timestamp="2023-03-30T11:40:18 IST" skipped="0">
  <testcase classname="com.org.lao.auth.Oauth2" name="oauthexample" time="2.191"/>
  <system-out/>
</testsuite> <!-- com.org.lao.auth.Oauth2 -->
