<?xml version="1.0" encoding="UTF-8"?>
<!-- Generated by org.testng.reporters.JUnitReportReporter -->
<testsuite hostname="DESKTOP-1TEHGD1" failures="0" tests="4" name="com.org.nonbdd.GetAllEmployees" time="1.654" errors="0" timestamp="2023-03-22T11:06:41 IST" skipped="3">
  <testcase classname="com.org.nonbdd.GetAllEmployees" name="createAnEmployee" time="1.654"/>
  <system-out/>
  <testcase classname="com.org.nonbdd.GetAllEmployees" name="getAllEmployees">
    <skipped/>
  </testcase> <!-- getAllEmployees -->
  <system-out/>
  <testcase classname="com.org.nonbdd.GetAllEmployees" name="deleteAnEmployee">
    <skipped/>
  </testcase> <!-- deleteAnEmployee -->
  <system-out/>
  <testcase classname="com.org.nonbdd.GetAllEmployees" name="updatingEmployee">
    <skipped/>
  </testcase> <!-- updatingEmployee -->
  <system-out/>
</testsuite> <!-- com.org.nonbdd.GetAllEmployees -->
