<?xml version="1.0" encoding="UTF-8"?>
<!-- Generated by org.testng.reporters.JUnitReportReporter -->
<testsuite hostname="DESKTOP-1TEHGD1" failures="0" tests="3" name="com.org.interview_ques.RequestSpecificationExample" time="1.143" errors="0" timestamp="2023-03-30T10:01:03 IST" skipped="0">
  <testcase classname="com.org.interview_ques.RequestSpecificationExample" name="getAEmployee" time="0.065"/>
  <system-out/>
  <testcase classname="com.org.interview_ques.RequestSpecificationExample" name="createEmployeeBDD" time="1.010"/>
  <system-out/>
  <testcase classname="com.org.interview_ques.RequestSpecificationExample" name="getAllEmployee" time="0.068"/>
  <system-out/>
</testsuite> <!-- com.org.interview_ques.RequestSpecificationExample -->
