<?xml version="1.0" encoding="UTF-8"?>
<!-- Generated by org.testng.reporters.JUnitReportReporter -->
<testsuite hostname="DESKTOP-1TEHGD1" failures="0" tests="3" name="com.org.lao.auth.ApiKeyAuth" time="2.192" errors="0" timestamp="2023-03-30T11:26:34 IST" skipped="2">
  <testcase classname="com.org.lao.auth.ApiKeyAuth" name="apiUsingHeader" time="2.192"/>
  <system-out/>
  <testcase classname="com.org.lao.auth.ApiKeyAuth" name="apiUsingParams">
    <skipped/>
  </testcase> <!-- apiUsingParams -->
  <system-out/>
  <testcase classname="com.org.lao.auth.ApiKeyAuth" name="apiKeyAuth">
    <skipped/>
  </testcase> <!-- apiKeyAuth -->
  <system-out/>
</testsuite> <!-- com.org.lao.auth.ApiKeyAuth -->
